This is pdfTeX, Version 3.14159265-2.6-1.40.19 (TeX Live 2018) (preloaded format=pdflatex 2021.12.10)  16 MAY 2022 11:19
entering extended mode
 restricted \write18 enabled.
 %&-line parsing enabled.
**mkstapylton@gmail.com-mattS-qiime2.tex
(./mkstapylton@gmail.com-mattS-qiime2.tex
LaTeX2e <2018-04-01> patch level 5

(/hpc/packages/minerva-common/texlive/2018/texmf-dist/tex/latex/revtex/revtex4-
1.cls
Document Class: revtex4-1 2010/07/25/20:33:00 4.1r (http://publish.aps.org/revt
ex4/ for documentation)
 Copyright (c) 2009 The American Physical Society.
 mailto:revtex@aps.org
 Licensed under the LPPL:
http://www.ctan.org/tex-archive/macros/latex/base/lppl.txt
 Arthur Ogawa <arthur_ogawa at sbcglobal dot net>
 Based on work by David Carlisle <david at dcarlisle.demon.co.uk>.
ltxutil[2010/07/25/20:33:00 4.1r utilities package (portions licensed from W. E
. Baxter web at superscript.com)]
LaTeX Info: Redefining \@centercr on input line 308.
Class revtex4-1 Info: Repairing broken LaTeX eqnarray on input line 358.
\eqncolsep=\skip41
Class revtex4-1 Info: Repairing hyperref-unfriendly LaTeX definition of \mpfoot
note on input line 433.
Class revtex4-1 Info: Repairing broken LateX \@sect on input line 755.
\intertabularlinepenalty=\count80
\@tbpen=\count81
\@arstrutbox@hline=\box26
Class revtex4-1 Info: Repairing broken LaTeX \@xbitor on input line 1786.
Class revtex4-1 Info: Making \typeout \long on input line 2046.
ltxfront[2010/07/25/20:33:00 4.1r frontmatter package (AO,DPC)]
\c@affil=\count82
\c@collab=\count83
\absbox=\box27
ltxgrid[2010/07/25/20:33:00 4.1r page grid package (portions licensed from W. E
. Baxter web at superscript.com)]
\c@linecount=\count84
\output@latex=\toks14
\box@size@1=\box28
\box@size@2=\box29
\@protection@box=\box30
\@topmark@saved=\toks15
\footins@saved=\box31
\footins@recovered=\box32
\column@recovered=\box33
\pagesofar=\box34
\footsofar=\box35
\pagegrid@col=\count85
Class revtex4-1 Info: Overriding \@vspace, \@vspacer, \@no@pgbk, \@newline, and
 \\  on input line 5578.
\c@part=\count86
\c@section=\count87
\c@subsection=\count88
\c@subsubsection=\count89
\c@paragraph=\count90
\c@subparagraph=\count91
\abovecaptionskip=\skip42
\belowcaptionskip=\skip43
\c@figure=\count92
\fbox@1=\box36
\c@table=\count93
\fbox@2=\box37
\c@video=\count94
\fbox@4=\box38
\@bibdataout=\write3
\widetext@top=\box39
\widetext@bot=\box40
Class revtex4-1 Info: Selecting society aps on input line 7542.

(/hpc/packages/minerva-common/texlive/2018/texmf-dist/tex/latex/revtex/aps4-1.r
tx
File: aps4-1 2010/07/25/20:33:00 4.1r (http://publish.aps.org/revtex4/ for docu
mentation)
Class revtex4-1 Info: RevTeX society APS selected on input line 31.
)
Class revtex4-1 Info: Selecting journal pra on input line 7544.
Class revtex4-1 Info: APS journal PRA selected on input line 7545.

(/hpc/packages/minerva-common/texlive/2018/texmf-dist/tex/latex/revtex/aps10pt4
-1.rtx
File: aps10pt4-1 2010/07/25/20:33:00 4.1r (http://publish.aps.org/revtex4/ for 
documentation)
Class revtex4-1 Info: RevTeX pointsize 10pt selected on input line 30.
)
(/hpc/packages/minerva-common/texlive/2018/texmf-dist/tex/latex/textcase/textca
se.sty
Package: textcase 2004/10/07 v0.07 Text only upper/lower case changing (DPC)
)
(/hpc/packages/minerva-common/texlive/2018/texmf-dist/tex/latex/url/url.sty
\Urlmuskip=\muskip10
Package: url 2013/09/16  ver 3.4  Verb mode for urls, etc.
)
(/hpc/packages/minerva-common/texlive/2018/texmf-dist/tex/latex/natbib/natbib.s
ty
Package: natbib 2010/09/13 8.31b (PWD, AO)
\bibhang=\skip44
\bibsep=\skip45
LaTeX Info: Redefining \cite on input line 694.
\c@NAT@ctr=\count95
)
Class revtex4-1 Info: Repairing natbib's \BibitemShut on input line 7549.

(/hpc/packages/minerva-common/texlive/2018/texmf-dist/tex/latex/revtex/revsymb4
-1.sty
Package: revsymb4-1 2010/07/25/20:33:00 4.1r (http://publish.aps.org/revtex4/ f
or documentation)
LaTeX Info: Redefining \REV@mathfrak on input line 119.
))
(/hpc/packages/minerva-common/texlive/2018/texmf-dist/tex/latex/base/fontenc.st
y
Package: fontenc 2017/04/05 v2.0i Standard LaTeX package

(/hpc/packages/minerva-common/texlive/2018/texmf-dist/tex/latex/base/t1enc.def
File: t1enc.def 2017/04/05 v2.0i Standard LaTeX file
LaTeX Font Info:    Redeclaring font encoding T1 on input line 48.
))
(/hpc/packages/minerva-common/texlive/2018/texmf-dist/tex/latex/graphics/graphi
cx.sty
Package: graphicx 2017/06/01 v1.1a Enhanced LaTeX Graphics (DPC,SPQR)

(/hpc/packages/minerva-common/texlive/2018/texmf-dist/tex/latex/graphics/keyval
.sty
Package: keyval 2014/10/28 v1.15 key=value parser (DPC)
\KV@toks@=\toks16
)
(/hpc/packages/minerva-common/texlive/2018/texmf-dist/tex/latex/graphics/graphi
cs.sty
Package: graphics 2017/06/25 v1.2c Standard LaTeX Graphics (DPC,SPQR)

(/hpc/packages/minerva-common/texlive/2018/texmf-dist/tex/latex/graphics/trig.s
ty
Package: trig 2016/01/03 v1.10 sin cos tan (DPC)
)
(/hpc/packages/minerva-common/texlive/2018/texmf-dist/tex/latex/graphics-cfg/gr
aphics.cfg
File: graphics.cfg 2016/06/04 v1.11 sample graphics configuration
)
Package graphics Info: Driver file: pdftex.def on input line 99.

(/hpc/packages/minerva-common/texlive/2018/texmf-dist/tex/latex/graphics-def/pd
ftex.def
File: pdftex.def 2018/01/08 v1.0l Graphics/color driver for pdftex
))
\Gin@req@height=\dimen102
\Gin@req@width=\dimen103
)
(/hpc/packages/minerva-common/texlive/2018/texmf-dist/tex/latex/caption/caption
.sty
Package: caption 2018/05/01 v3.3-147 Customizing captions (AR)

(/hpc/packages/minerva-common/texlive/2018/texmf-dist/tex/latex/caption/caption
3.sty
Package: caption3 2018/05/27 v1.8a caption3 kernel (AR)
Package caption3 Info: TeX engine: e-TeX on input line 64.
\captionmargin=\dimen104
\captionmargin@=\dimen105
\captionwidth=\dimen106
\caption@tempdima=\dimen107
\caption@indent=\dimen108
\caption@parindent=\dimen109
\caption@hangindent=\dimen110
Package caption Info: Unknown document class (or package),
(caption)             standard defaults will be used.
)

Package caption Warning: Unsupported document class (or package) detected,
(caption)                usage of the caption package is not recommended.
See the caption package documentation for explanation.

Package caption Info: \@makecaption = \long macro:#1#2->\par \vskip \abovecapti
onskip \begingroup \small \rmfamily \sbox \@tempboxa {\let \\\heading@cr \@make
@capt@title {#1}{#2}}\@ifdim {\wd \@tempboxa >\hsize }{\begingroup \samepage \f
lushing \let \footnote \@footnotemark@gobble \@make@capt@title {#1}{#2}\par \en
dgroup }{\global \@minipagefalse \hb@xt@ \hsize {\hfil \unhbox \@tempboxa \hfil
 }}\endgroup \vskip \belowcaptionskip .
\c@ContinuedFloat=\count96
)
(/hpc/packages/minerva-common/texlive/2018/texmf-dist/tex/latex/adjustbox/adjus
tbox.sty
Package: adjustbox 2018/04/08 v1.1 Adjusting TeX boxes (trim, clip, ...)

(/hpc/packages/minerva-common/texlive/2018/texmf-dist/tex/latex/xkeyval/xkeyval
.sty
Package: xkeyval 2014/12/03 v2.7a package option processing (HA)

(/hpc/packages/minerva-common/texlive/2018/texmf-dist/tex/generic/xkeyval/xkeyv
al.tex
(/hpc/packages/minerva-common/texlive/2018/texmf-dist/tex/generic/xkeyval/xkvut
ils.tex
\XKV@toks=\toks17
\XKV@tempa@toks=\toks18
)
\XKV@depth=\count97
File: xkeyval.tex 2014/12/03 v2.7a key=value parser (HA)
))
(/hpc/packages/minerva-common/texlive/2018/texmf-dist/tex/latex/adjustbox/adjca
lc.sty
Package: adjcalc 2012/05/16 v1.1 Provides advanced setlength with multiple back
-ends (calc, etex, pgfmath)
)
(/hpc/packages/minerva-common/texlive/2018/texmf-dist/tex/latex/adjustbox/trimc
lip.sty
Package: trimclip 2018/04/08 v1.1 Trim and clip general TeX material

(/hpc/packages/minerva-common/texlive/2018/texmf-dist/tex/latex/collectbox/coll
ectbox.sty
Package: collectbox 2012/05/17 v0.4b Collect macro arguments as boxes
\collectedbox=\box41
)
\tc@llx=\dimen111
\tc@lly=\dimen112
\tc@urx=\dimen113
\tc@ury=\dimen114
Package trimclip Info: Using driver 'tc-pdftex.def'.

(/hpc/packages/minerva-common/texlive/2018/texmf-dist/tex/latex/adjustbox/tc-pd
ftex.def
File: tc-pdftex.def 2018/04/08 v2.1 Clipping driver for pdftex
))
\adjbox@Width=\dimen115
\adjbox@Height=\dimen116
\adjbox@Depth=\dimen117
\adjbox@Totalheight=\dimen118
\adjbox@pwidth=\dimen119
\adjbox@pheight=\dimen120
\adjbox@pdepth=\dimen121
\adjbox@ptotalheight=\dimen122

(/hpc/packages/minerva-common/texlive/2018/texmf-dist/tex/latex/ifoddpage/ifodd
page.sty
Package: ifoddpage 2016/04/23 v1.1 Conditionals for odd/even page detection
\c@checkoddpage=\count98
)
(/hpc/packages/minerva-common/texlive/2018/texmf-dist/tex/latex/varwidth/varwid
th.sty
Package: varwidth 2009/03/30 ver 0.92;  Variable-width minipages
\@vwid@box=\box42
\sift@deathcycles=\count99
\@vwid@loff=\dimen123
\@vwid@roff=\dimen124
))
(/hpc/packages/minerva-common/texlive/2018/texmf-dist/tex/latex/xcolor/xcolor.s
ty
Package: xcolor 2016/05/11 v2.12 LaTeX color extensions (UK)

(/hpc/packages/minerva-common/texlive/2018/texmf-dist/tex/latex/graphics-cfg/co
lor.cfg
File: color.cfg 2016/01/02 v1.6 sample color configuration
)
Package xcolor Info: Driver file: pdftex.def on input line 225.
Package xcolor Info: Model `cmy' substituted by `cmy0' on input line 1348.
Package xcolor Info: Model `hsb' substituted by `rgb' on input line 1352.
Package xcolor Info: Model `RGB' extended on input line 1364.
Package xcolor Info: Model `HTML' substituted by `rgb' on input line 1366.
Package xcolor Info: Model `Hsb' substituted by `hsb' on input line 1367.
Package xcolor Info: Model `tHsb' substituted by `hsb' on input line 1368.
Package xcolor Info: Model `HSB' substituted by `hsb' on input line 1369.
Package xcolor Info: Model `Gray' substituted by `gray' on input line 1370.
Package xcolor Info: Model `wave' substituted by `hsb' on input line 1371.
)
(/hpc/packages/minerva-common/texlive/2018/texmf-dist/tex/latex/tools/enumerate
.sty
Package: enumerate 2015/07/23 v3.00 enumerate extensions (DPC)
\@enLab=\toks19
)
(/hpc/packages/minerva-common/texlive/2018/texmf-dist/tex/latex/geometry/geomet
ry.sty
Package: geometry 2018/04/16 v5.8 Page Geometry

(/hpc/packages/minerva-common/texlive/2018/texmf-dist/tex/generic/oberdiek/ifpd
f.sty
Package: ifpdf 2017/03/15 v3.2 Provides the ifpdf switch
)
(/hpc/packages/minerva-common/texlive/2018/texmf-dist/tex/generic/oberdiek/ifvt
ex.sty
Package: ifvtex 2016/05/16 v1.6 Detect VTeX and its facilities (HO)
Package ifvtex Info: VTeX not detected.
)
(/hpc/packages/minerva-common/texlive/2018/texmf-dist/tex/generic/ifxetex/ifxet
ex.sty
Package: ifxetex 2010/09/12 v0.6 Provides ifxetex conditional
)
\Gm@cnth=\count100
\Gm@cntv=\count101
\c@Gm@tempcnt=\count102
\Gm@bindingoffset=\dimen125
\Gm@wd@mp=\dimen126
\Gm@odd@mp=\dimen127
\Gm@even@mp=\dimen128
\Gm@layoutwidth=\dimen129
\Gm@layoutheight=\dimen130
\Gm@layouthoffset=\dimen131
\Gm@layoutvoffset=\dimen132
\Gm@dimlist=\toks20
)
(/hpc/packages/minerva-common/texlive/2018/texmf-dist/tex/latex/amsmath/amsmath
.sty
Package: amsmath 2017/09/02 v2.17a AMS math features
\@mathmargin=\skip46

For additional information on amsmath, use the `?' option.

(/hpc/packages/minerva-common/texlive/2018/texmf-dist/tex/latex/amsmath/amstext
.sty
Package: amstext 2000/06/29 v2.01 AMS text

(/hpc/packages/minerva-common/texlive/2018/texmf-dist/tex/latex/amsmath/amsgen.
sty
File: amsgen.sty 1999/11/30 v2.0 generic functions
\@emptytoks=\toks21
\ex@=\dimen133
)
LaTeX Info: Redefining \text on input line 28.
)
(/hpc/packages/minerva-common/texlive/2018/texmf-dist/tex/latex/amsmath/amsbsy.
sty
Package: amsbsy 1999/11/29 v1.2d Bold Symbols
\pmbraise@=\dimen134
)
(/hpc/packages/minerva-common/texlive/2018/texmf-dist/tex/latex/amsmath/amsopn.
sty
Package: amsopn 2016/03/08 v2.02 operator names
)
\inf@bad=\count103
LaTeX Info: Redefining \frac on input line 213.
\uproot@=\count104
\leftroot@=\count105
LaTeX Info: Redefining \overline on input line 375.
\classnum@=\count106
\DOTSCASE@=\count107
LaTeX Info: Redefining \ldots on input line 472.
LaTeX Info: Redefining \dots on input line 475.
LaTeX Info: Redefining \cdots on input line 596.
\Mathstrutbox@=\box43
\strutbox@=\box44
\big@size=\dimen135
LaTeX Font Info:    Redeclaring font encoding OML on input line 712.
LaTeX Font Info:    Redeclaring font encoding OMS on input line 713.
\macc@depth=\count108
\c@MaxMatrixCols=\count109
\dotsspace@=\muskip11
\c@parentequation=\count110
\dspbrk@lvl=\count111
\tag@help=\toks22
\row@=\count112
\column@=\count113
\maxfields@=\count114
\andhelp@=\toks23
\eqnshift@=\dimen136
\alignsep@=\dimen137
\tagshift@=\dimen138
\tagwidth@=\dimen139
\totwidth@=\dimen140
\lineht@=\dimen141
\@envbody=\toks24
\multlinegap=\skip47
\multlinetaggap=\skip48
\mathdisplay@stack=\toks25
LaTeX Info: Redefining \[ on input line 2817.
LaTeX Info: Redefining \] on input line 2818.
)
(/hpc/packages/minerva-common/texlive/2018/texmf-dist/tex/latex/amsfonts/amssym
b.sty
Package: amssymb 2013/01/14 v3.01 AMS font symbols

(/hpc/packages/minerva-common/texlive/2018/texmf-dist/tex/latex/amsfonts/amsfon
ts.sty
Package: amsfonts 2013/01/14 v3.01 Basic AMSFonts support
\symAMSa=\mathgroup4
\symAMSb=\mathgroup5
LaTeX Font Info:    Overwriting math alphabet `\mathfrak' in version `bold'
(Font)                  U/euf/m/n --> U/euf/b/n on input line 106.
LaTeX Info: Redefining \frak on input line 111.
LaTeX Info: Redefining \Bbb on input line 113.
))
(/hpc/packages/minerva-common/texlive/2018/texmf-dist/tex/latex/base/textcomp.s
ty
Package: textcomp 2017/04/05 v2.0i Standard LaTeX package
Package textcomp Info: Sub-encoding information:
(textcomp)               5 = only ISO-Adobe without \textcurrency
(textcomp)               4 = 5 + \texteuro
(textcomp)               3 = 4 + \textohm
(textcomp)               2 = 3 + \textestimated + \textcurrency
(textcomp)               1 = TS1 - \textcircled - \t
(textcomp)               0 = TS1 (full)
(textcomp)             Font families with sub-encoding setting implement
(textcomp)             only a restricted character set as indicated.
(textcomp)             Family '?' is the default used for unknown fonts.
(textcomp)             See the documentation for details.
Package textcomp Info: Setting ? sub-encoding to TS1/1 on input line 79.

(/hpc/packages/minerva-common/texlive/2018/texmf-dist/tex/latex/base/ts1enc.def
File: ts1enc.def 2001/06/05 v3.0e (jk/car/fm) Standard LaTeX file
Now handling font encoding TS1 ...
... processing UTF-8 mapping file for font encoding TS1

(/hpc/packages/minerva-common/texlive/2018/texmf-dist/tex/latex/base/ts1enc.dfu
File: ts1enc.dfu 2018/04/05 v1.2c UTF-8 support for inputenc
   defining Unicode char U+00A2 (decimal 162)
   defining Unicode char U+00A3 (decimal 163)
   defining Unicode char U+00A4 (decimal 164)
   defining Unicode char U+00A5 (decimal 165)
   defining Unicode char U+00A6 (decimal 166)
   defining Unicode char U+00A7 (decimal 167)
   defining Unicode char U+00A8 (decimal 168)
   defining Unicode char U+00A9 (decimal 169)
   defining Unicode char U+00AA (decimal 170)
   defining Unicode char U+00AC (decimal 172)
   defining Unicode char U+00AE (decimal 174)
   defining Unicode char U+00AF (decimal 175)
   defining Unicode char U+00B0 (decimal 176)
   defining Unicode char U+00B1 (decimal 177)
   defining Unicode char U+00B2 (decimal 178)
   defining Unicode char U+00B3 (decimal 179)
   defining Unicode char U+00B4 (decimal 180)
   defining Unicode char U+00B5 (decimal 181)
   defining Unicode char U+00B6 (decimal 182)
   defining Unicode char U+00B7 (decimal 183)
   defining Unicode char U+00B9 (decimal 185)
   defining Unicode char U+00BA (decimal 186)
   defining Unicode char U+00BC (decimal 188)
   defining Unicode char U+00BD (decimal 189)
   defining Unicode char U+00BE (decimal 190)
   defining Unicode char U+00D7 (decimal 215)
   defining Unicode char U+00F7 (decimal 247)
   defining Unicode char U+0192 (decimal 402)
   defining Unicode char U+02C7 (decimal 711)
   defining Unicode char U+02D8 (decimal 728)
   defining Unicode char U+02DD (decimal 733)
   defining Unicode char U+0E3F (decimal 3647)
   defining Unicode char U+2016 (decimal 8214)
   defining Unicode char U+2020 (decimal 8224)
   defining Unicode char U+2021 (decimal 8225)
   defining Unicode char U+2022 (decimal 8226)
   defining Unicode char U+2030 (decimal 8240)
   defining Unicode char U+2031 (decimal 8241)
   defining Unicode char U+203B (decimal 8251)
   defining Unicode char U+203D (decimal 8253)
   defining Unicode char U+2044 (decimal 8260)
   defining Unicode char U+204E (decimal 8270)
   defining Unicode char U+2052 (decimal 8274)
   defining Unicode char U+20A1 (decimal 8353)
   defining Unicode char U+20A4 (decimal 8356)
   defining Unicode char U+20A6 (decimal 8358)
   defining Unicode char U+20A9 (decimal 8361)
   defining Unicode char U+20AB (decimal 8363)
   defining Unicode char U+20AC (decimal 8364)
   defining Unicode char U+20B1 (decimal 8369)
   defining Unicode char U+2103 (decimal 8451)
   defining Unicode char U+2116 (decimal 8470)
   defining Unicode char U+2117 (decimal 8471)
   defining Unicode char U+211E (decimal 8478)
   defining Unicode char U+2120 (decimal 8480)
   defining Unicode char U+2122 (decimal 8482)
   defining Unicode char U+2126 (decimal 8486)
   defining Unicode char U+2127 (decimal 8487)
   defining Unicode char U+212E (decimal 8494)
   defining Unicode char U+2190 (decimal 8592)
   defining Unicode char U+2191 (decimal 8593)
   defining Unicode char U+2192 (decimal 8594)
   defining Unicode char U+2193 (decimal 8595)
   defining Unicode char U+2329 (decimal 9001)
   defining Unicode char U+232A (decimal 9002)
   defining Unicode char U+2422 (decimal 9250)
   defining Unicode char U+25E6 (decimal 9702)
   defining Unicode char U+25EF (decimal 9711)
   defining Unicode char U+266A (decimal 9834)
   defining Unicode char U+FEFF (decimal 65279)
))
LaTeX Info: Redefining \oldstylenums on input line 334.
Package textcomp Info: Setting cmr sub-encoding to TS1/0 on input line 349.
Package textcomp Info: Setting cmss sub-encoding to TS1/0 on input line 350.
Package textcomp Info: Setting cmtt sub-encoding to TS1/0 on input line 351.
Package textcomp Info: Setting cmvtt sub-encoding to TS1/0 on input line 352.
Package textcomp Info: Setting cmbr sub-encoding to TS1/0 on input line 353.
Package textcomp Info: Setting cmtl sub-encoding to TS1/0 on input line 354.
Package textcomp Info: Setting ccr sub-encoding to TS1/0 on input line 355.
Package textcomp Info: Setting ptm sub-encoding to TS1/4 on input line 356.
Package textcomp Info: Setting pcr sub-encoding to TS1/4 on input line 357.
Package textcomp Info: Setting phv sub-encoding to TS1/4 on input line 358.
Package textcomp Info: Setting ppl sub-encoding to TS1/3 on input line 359.
Package textcomp Info: Setting pag sub-encoding to TS1/4 on input line 360.
Package textcomp Info: Setting pbk sub-encoding to TS1/4 on input line 361.
Package textcomp Info: Setting pnc sub-encoding to TS1/4 on input line 362.
Package textcomp Info: Setting pzc sub-encoding to TS1/4 on input line 363.
Package textcomp Info: Setting bch sub-encoding to TS1/4 on input line 364.
Package textcomp Info: Setting put sub-encoding to TS1/5 on input line 365.
Package textcomp Info: Setting uag sub-encoding to TS1/5 on input line 366.
Package textcomp Info: Setting ugq sub-encoding to TS1/5 on input line 367.
Package textcomp Info: Setting ul8 sub-encoding to TS1/4 on input line 368.
Package textcomp Info: Setting ul9 sub-encoding to TS1/4 on input line 369.
Package textcomp Info: Setting augie sub-encoding to TS1/5 on input line 370.
Package textcomp Info: Setting dayrom sub-encoding to TS1/3 on input line 371.
Package textcomp Info: Setting dayroms sub-encoding to TS1/3 on input line 372.

Package textcomp Info: Setting pxr sub-encoding to TS1/0 on input line 373.
Package textcomp Info: Setting pxss sub-encoding to TS1/0 on input line 374.
Package textcomp Info: Setting pxtt sub-encoding to TS1/0 on input line 375.
Package textcomp Info: Setting txr sub-encoding to TS1/0 on input line 376.
Package textcomp Info: Setting txss sub-encoding to TS1/0 on input line 377.
Package textcomp Info: Setting txtt sub-encoding to TS1/0 on input line 378.
Package textcomp Info: Setting lmr sub-encoding to TS1/0 on input line 379.
Package textcomp Info: Setting lmdh sub-encoding to TS1/0 on input line 380.
Package textcomp Info: Setting lmss sub-encoding to TS1/0 on input line 381.
Package textcomp Info: Setting lmssq sub-encoding to TS1/0 on input line 382.
Package textcomp Info: Setting lmvtt sub-encoding to TS1/0 on input line 383.
Package textcomp Info: Setting lmtt sub-encoding to TS1/0 on input line 384.
Package textcomp Info: Setting qhv sub-encoding to TS1/0 on input line 385.
Package textcomp Info: Setting qag sub-encoding to TS1/0 on input line 386.
Package textcomp Info: Setting qbk sub-encoding to TS1/0 on input line 387.
Package textcomp Info: Setting qcr sub-encoding to TS1/0 on input line 388.
Package textcomp Info: Setting qcs sub-encoding to TS1/0 on input line 389.
Package textcomp Info: Setting qpl sub-encoding to TS1/0 on input line 390.
Package textcomp Info: Setting qtm sub-encoding to TS1/0 on input line 391.
Package textcomp Info: Setting qzc sub-encoding to TS1/0 on input line 392.
Package textcomp Info: Setting qhvc sub-encoding to TS1/0 on input line 393.
Package textcomp Info: Setting futs sub-encoding to TS1/4 on input line 394.
Package textcomp Info: Setting futx sub-encoding to TS1/4 on input line 395.
Package textcomp Info: Setting futj sub-encoding to TS1/4 on input line 396.
Package textcomp Info: Setting hlh sub-encoding to TS1/3 on input line 397.
Package textcomp Info: Setting hls sub-encoding to TS1/3 on input line 398.
Package textcomp Info: Setting hlst sub-encoding to TS1/3 on input line 399.
Package textcomp Info: Setting hlct sub-encoding to TS1/5 on input line 400.
Package textcomp Info: Setting hlx sub-encoding to TS1/5 on input line 401.
Package textcomp Info: Setting hlce sub-encoding to TS1/5 on input line 402.
Package textcomp Info: Setting hlcn sub-encoding to TS1/5 on input line 403.
Package textcomp Info: Setting hlcw sub-encoding to TS1/5 on input line 404.
Package textcomp Info: Setting hlcf sub-encoding to TS1/5 on input line 405.
Package textcomp Info: Setting pplx sub-encoding to TS1/3 on input line 406.
Package textcomp Info: Setting pplj sub-encoding to TS1/3 on input line 407.
Package textcomp Info: Setting ptmx sub-encoding to TS1/4 on input line 408.
Package textcomp Info: Setting ptmj sub-encoding to TS1/4 on input line 409.
)
(/hpc/packages/minerva-common/texlive/2018/texmf-dist/tex/latex/upquote/upquote
.sty
Package: upquote 2012/04/19 v1.3 upright-quote and grave-accent glyphs in verba
tim
)
(/hpc/packages/minerva-common/texlive/2018/texmf-dist/tex/latex/eurosym/eurosym
.sty
Package: eurosym 1998/08/06 v1.1 European currency symbol ``Euro''
\@eurobox=\box45
)
(/hpc/packages/minerva-common/texlive/2018/texmf-dist/tex/latex/ucs/ucs.sty
Package: ucs 2013/05/11 v2.2 UCS: Unicode input support

(/hpc/packages/minerva-common/texlive/2018/texmf-dist/tex/latex/ucs/data/uni-gl
obal.def
File: uni-global.def 2013/05/13 UCS: Unicode global data
)
\uc@secondtry=\count115
\uc@combtoks=\toks26
\uc@combtoksb=\toks27
\uc@temptokena=\toks28
)
(/hpc/packages/minerva-common/texlive/2018/texmf-dist/tex/latex/base/inputenc.s
ty
Package: inputenc 2018/04/06 v1.3b Input encoding file
\inpenc@prehook=\toks29
\inpenc@posthook=\toks30

(/hpc/packages/minerva-common/texlive/2018/texmf-dist/tex/latex/ucs/utf8x.def
File: utf8x.def 2004/10/17 UCS: Input encoding UTF-8
))
(/hpc/packages/minerva-common/texlive/2018/texmf-dist/tex/latex/fancyvrb/fancyv
rb.sty
Package: fancyvrb 2008/02/07

Style option: `fancyvrb' v2.7a, with DG/SPQR fixes, and firstline=lastline fix 
<2008/02/07> (tvz)
\FV@CodeLineNo=\count116
\FV@InFile=\read1
\FV@TabBox=\box46
\c@FancyVerbLine=\count117
\FV@StepNumber=\count118
\FV@OutFile=\write4
)
(/hpc/packages/minerva-common/texlive/2018/texmf-dist/tex/latex/oberdiek/grffil
e.sty
Package: grffile 2017/06/30 v1.18 Extended file name support for graphics (HO)

(/hpc/packages/minerva-common/texlive/2018/texmf-dist/tex/latex/oberdiek/kvopti
ons.sty
Package: kvoptions 2016/05/16 v3.12 Key value format for package options (HO)

(/hpc/packages/minerva-common/texlive/2018/texmf-dist/tex/generic/oberdiek/ltxc
mds.sty
Package: ltxcmds 2016/05/16 v1.23 LaTeX kernel commands for general use (HO)
)
(/hpc/packages/minerva-common/texlive/2018/texmf-dist/tex/generic/oberdiek/kvse
tkeys.sty
Package: kvsetkeys 2016/05/16 v1.17 Key value parser (HO)

(/hpc/packages/minerva-common/texlive/2018/texmf-dist/tex/generic/oberdiek/infw
arerr.sty
Package: infwarerr 2016/05/16 v1.4 Providing info/warning/error messages (HO)
)
(/hpc/packages/minerva-common/texlive/2018/texmf-dist/tex/generic/oberdiek/etex
cmds.sty
Package: etexcmds 2016/05/16 v1.6 Avoid name clashes with e-TeX commands (HO)

(/hpc/packages/minerva-common/texlive/2018/texmf-dist/tex/generic/oberdiek/iflu
atex.sty
Package: ifluatex 2016/05/16 v1.4 Provides the ifluatex switch (HO)
Package ifluatex Info: LuaTeX not detected.
)
Package etexcmds Info: Could not find \expanded.
(etexcmds)             That can mean that you are not using pdfTeX 1.50 or
(etexcmds)             that some package has redefined \expanded.
(etexcmds)             In the latter case, load this package earlier.
)))
(/hpc/packages/minerva-common/texlive/2018/texmf-dist/tex/generic/oberdiek/pdft
excmds.sty
Package: pdftexcmds 2018/01/30 v0.27 Utility functions of pdfTeX for LuaTeX (HO
)
Package pdftexcmds Info: LuaTeX not detected.
Package pdftexcmds Info: \pdf@primitive is available.
Package pdftexcmds Info: \pdf@ifprimitive is available.
Package pdftexcmds Info: \pdfdraftmode found.
)
Package grffile Info: Option `multidot' is set to `true'.
Package grffile Info: Option `extendedchars' is set to `false'.
Package grffile Info: Option `space' is set to `true'.
Package grffile Info: \Gin@ii of package `graphicx' fixed on input line 494.
)
(/hpc/packages/minerva-common/texlive/2018/texmf-dist/tex/latex/hyperref/hyperr
ef.sty
Package: hyperref 2018/02/06 v6.86b Hypertext links for LaTeX

(/hpc/packages/minerva-common/texlive/2018/texmf-dist/tex/generic/oberdiek/hobs
ub-hyperref.sty
Package: hobsub-hyperref 2016/05/16 v1.14 Bundle oberdiek, subset hyperref (HO)


(/hpc/packages/minerva-common/texlive/2018/texmf-dist/tex/generic/oberdiek/hobs
ub-generic.sty
Package: hobsub-generic 2016/05/16 v1.14 Bundle oberdiek, subset generic (HO)
Package: hobsub 2016/05/16 v1.14 Construct package bundles (HO)
Package hobsub Info: Skipping package `infwarerr' (already loaded).
Package hobsub Info: Skipping package `ltxcmds' (already loaded).
Package hobsub Info: Skipping package `ifluatex' (already loaded).
Package hobsub Info: Skipping package `ifvtex' (already loaded).
Package: intcalc 2016/05/16 v1.2 Expandable calculations with integers (HO)
Package hobsub Info: Skipping package `ifpdf' (already loaded).
Package hobsub Info: Skipping package `etexcmds' (already loaded).
Package hobsub Info: Skipping package `kvsetkeys' (already loaded).
Package: kvdefinekeys 2016/05/16 v1.4 Define keys (HO)
Package hobsub Info: Skipping package `pdftexcmds' (already loaded).
Package: pdfescape 2016/05/16 v1.14 Implements pdfTeX's escape features (HO)
Package: bigintcalc 2016/05/16 v1.4 Expandable calculations on big integers (HO
)
Package: bitset 2016/05/16 v1.2 Handle bit-vector datatype (HO)
Package: uniquecounter 2016/05/16 v1.3 Provide unlimited unique counter (HO)
)
Package hobsub Info: Skipping package `hobsub' (already loaded).
Package: letltxmacro 2016/05/16 v1.5 Let assignment for LaTeX macros (HO)
Package: hopatch 2016/05/16 v1.3 Wrapper for package hooks (HO)
Package: xcolor-patch 2016/05/16 xcolor patch
Package: atveryend 2016/05/16 v1.9 Hooks at the very end of document (HO)
Package: atbegshi 2016/06/09 v1.18 At begin shipout hook (HO)
Package: refcount 2016/05/16 v3.5 Data extraction from label references (HO)
Package: hycolor 2016/05/16 v1.8 Color options for hyperref/bookmark (HO)
)
(/hpc/packages/minerva-common/texlive/2018/texmf-dist/tex/latex/oberdiek/auxhoo
k.sty
Package: auxhook 2016/05/16 v1.4 Hooks for auxiliary files (HO)
)
\@linkdim=\dimen142
\Hy@linkcounter=\count119
\Hy@pagecounter=\count120

(/hpc/packages/minerva-common/texlive/2018/texmf-dist/tex/latex/hyperref/pd1enc
.def
File: pd1enc.def 2018/02/06 v6.86b Hyperref: PDFDocEncoding definition (HO)
)
\Hy@SavedSpaceFactor=\count121

(/hpc/packages/minerva-common/texlive/2018/texmf-dist/tex/latex/latexconfig/hyp
erref.cfg
File: hyperref.cfg 2002/06/06 v1.2 hyperref configuration of TeXLive
)
Package hyperref Info: Hyper figures OFF on input line 4509.
Package hyperref Info: Link nesting OFF on input line 4514.
Package hyperref Info: Hyper index ON on input line 4517.
Package hyperref Info: Plain pages OFF on input line 4524.
Package hyperref Info: Backreferencing OFF on input line 4529.
Package hyperref Info: Implicit mode ON; LaTeX internals redefined.
Package hyperref Info: Bookmarks ON on input line 4762.
LaTeX Info: Redefining \href on input line 5026.
\c@Hy@tempcnt=\count122
LaTeX Info: Redefining \url on input line 5115.
\XeTeXLinkMargin=\dimen143
\Fld@menulength=\count123
\Field@Width=\dimen144
\Fld@charsize=\dimen145
Package hyperref Info: Hyper figures OFF on input line 6369.
Package hyperref Info: Link nesting OFF on input line 6374.
Package hyperref Info: Hyper index ON on input line 6377.
Package hyperref Info: backreferencing OFF on input line 6384.
Package hyperref Info: Link coloring OFF on input line 6389.
Package hyperref Info: Link coloring with OCG OFF on input line 6394.
Package hyperref Info: PDF/A mode OFF on input line 6399.
LaTeX Info: Redefining \ref on input line 6439.
LaTeX Info: Redefining \pageref on input line 6443.
\Hy@abspage=\count124
\c@Item=\count125
\c@Hfootnote=\count126
)
Package hyperref Info: Driver (autodetected): hpdftex.

(/hpc/packages/minerva-common/texlive/2018/texmf-dist/tex/latex/hyperref/hpdfte
x.def
File: hpdftex.def 2018/02/06 v6.86b Hyperref driver for pdfTeX
\Fld@listcount=\count127
\c@bookmark@seq@number=\count128

(/hpc/packages/minerva-common/texlive/2018/texmf-dist/tex/latex/oberdiek/rerunf
ilecheck.sty
Package: rerunfilecheck 2016/05/16 v1.8 Rerun checks for auxiliary files (HO)
Package uniquecounter Info: New unique counter `rerunfilecheck' on input line 2
82.
)
\Hy@SectionHShift=\skip49
)
(/hpc/packages/minerva-common/texlive/2018/texmf-dist/tex/latex/booktabs/bookta
bs.sty
Package: booktabs 2016/04/27 v1.618033 publication quality tables
\heavyrulewidth=\dimen146
\lightrulewidth=\dimen147
\cmidrulewidth=\dimen148
\belowrulesep=\dimen149
\belowbottomsep=\dimen150
\aboverulesep=\dimen151
\abovetopsep=\dimen152
\cmidrulesep=\dimen153
\cmidrulekern=\dimen154
\defaultaddspace=\dimen155
\@cmidla=\count129
\@cmidlb=\count130
\@aboverulesep=\dimen156
\@belowrulesep=\dimen157
\@thisruleclass=\count131
\@lastruleclass=\count132
\@thisrulewidth=\dimen158
)
(/hpc/packages/minerva-common/texlive/2018/texmf-dist/tex/latex/enumitem/enumit
em.sty
Package: enumitem 2011/09/28 v3.5.2 Customized lists
\labelindent=\skip50
\enit@outerparindent=\dimen159
\enit@toks=\toks31
\enit@inbox=\box47
\enitdp@description=\count133
)
(/hpc/packages/minerva-common/texlive/2018/texmf-dist/tex/generic/ulem/ulem.sty
\UL@box=\box48
\UL@hyphenbox=\box49
\UL@skip=\skip51
\UL@hook=\toks32
\UL@height=\dimen160
\UL@pe=\count134
\UL@pixel=\dimen161
\ULC@box=\box50
Package: ulem 2012/05/18
\ULdepth=\dimen162
)
(/hpc/packages/minerva-common/texlive/2018/texmf-dist/tex/latex/braket/braket.s
ty)
(/hpc/packages/minerva-common/texlive/2018/texmf-dist/tex/latex/titlesec/titles
ec.sty
Package: titlesec 2016/03/21 v2.10.2 Sectioning titles
\ttl@box=\box51
\beforetitleunit=\skip52
\aftertitleunit=\skip53
\ttl@plus=\dimen163
\ttl@minus=\dimen164
\ttl@toksa=\toks33
\titlewidth=\dimen165
\titlewidthlast=\dimen166
\titlewidthfirst=\dimen167
)
(/hpc/packages/minerva-common/texlive/2018/texmf-dist/tex/generic/oberdiek/alph
alph.sty
Package: alphalph 2016/05/16 v2.5 Convert numbers to letters (HO)
)
(/hpc/packages/minerva-common/texlive/2018/texmf-dist/tex/latex/pgf/utilities/p
gffor.sty
(/hpc/packages/minerva-common/texlive/2018/texmf-dist/tex/latex/pgf/utilities/p
gfrcs.sty
(/hpc/packages/minerva-common/texlive/2018/texmf-dist/tex/generic/pgf/utilities
/pgfutil-common.tex
\pgfutil@everybye=\toks34
\pgfutil@tempdima=\dimen168
\pgfutil@tempdimb=\dimen169

(/hpc/packages/minerva-common/texlive/2018/texmf-dist/tex/generic/pgf/utilities
/pgfutil-common-lists.tex))
(/hpc/packages/minerva-common/texlive/2018/texmf-dist/tex/generic/pgf/utilities
/pgfutil-latex.def
\pgfutil@abb=\box52

(/hpc/packages/minerva-common/texlive/2018/texmf-dist/tex/latex/ms/everyshi.sty
Package: everyshi 2001/05/15 v3.00 EveryShipout Package (MS)
))
(/hpc/packages/minerva-common/texlive/2018/texmf-dist/tex/generic/pgf/utilities
/pgfrcs.code.tex
Package: pgfrcs 2015/08/07 v3.0.1a (rcs-revision 1.31)
))
(/hpc/packages/minerva-common/texlive/2018/texmf-dist/tex/latex/pgf/utilities/p
gfkeys.sty
(/hpc/packages/minerva-common/texlive/2018/texmf-dist/tex/generic/pgf/utilities
/pgfkeys.code.tex
\pgfkeys@pathtoks=\toks35
\pgfkeys@temptoks=\toks36

(/hpc/packages/minerva-common/texlive/2018/texmf-dist/tex/generic/pgf/utilities
/pgfkeysfiltered.code.tex
\pgfkeys@tmptoks=\toks37
)))
(/hpc/packages/minerva-common/texlive/2018/texmf-dist/tex/latex/pgf/math/pgfmat
h.sty
(/hpc/packages/minerva-common/texlive/2018/texmf-dist/tex/generic/pgf/math/pgfm
ath.code.tex
(/hpc/packages/minerva-common/texlive/2018/texmf-dist/tex/generic/pgf/math/pgfm
athcalc.code.tex
(/hpc/packages/minerva-common/texlive/2018/texmf-dist/tex/generic/pgf/math/pgfm
athutil.code.tex
\pgf@x=\dimen170
\pgf@xa=\dimen171
\pgf@xb=\dimen172
\pgf@xc=\dimen173
\pgf@y=\dimen174
\pgf@ya=\dimen175
\pgf@yb=\dimen176
\pgf@yc=\dimen177
\c@pgf@counta=\count135
\c@pgf@countb=\count136
\c@pgf@countc=\count137
\c@pgf@countd=\count138
)
(/hpc/packages/minerva-common/texlive/2018/texmf-dist/tex/generic/pgf/math/pgfm
athparser.code.tex
\pgfmath@dimen=\dimen178
\pgfmath@count=\count139
\pgfmath@box=\box53
\pgfmath@toks=\toks38
\pgfmath@stack@operand=\toks39
\pgfmath@stack@operation=\toks40
)
(/hpc/packages/minerva-common/texlive/2018/texmf-dist/tex/generic/pgf/math/pgfm
athfunctions.code.tex
(/hpc/packages/minerva-common/texlive/2018/texmf-dist/tex/generic/pgf/math/pgfm
athfunctions.basic.code.tex)
(/hpc/packages/minerva-common/texlive/2018/texmf-dist/tex/generic/pgf/math/pgfm
athfunctions.trigonometric.code.tex)
(/hpc/packages/minerva-common/texlive/2018/texmf-dist/tex/generic/pgf/math/pgfm
athfunctions.random.code.tex)
(/hpc/packages/minerva-common/texlive/2018/texmf-dist/tex/generic/pgf/math/pgfm
athfunctions.comparison.code.tex)
(/hpc/packages/minerva-common/texlive/2018/texmf-dist/tex/generic/pgf/math/pgfm
athfunctions.base.code.tex)
(/hpc/packages/minerva-common/texlive/2018/texmf-dist/tex/generic/pgf/math/pgfm
athfunctions.round.code.tex)
(/hpc/packages/minerva-common/texlive/2018/texmf-dist/tex/generic/pgf/math/pgfm
athfunctions.misc.code.tex)
(/hpc/packages/minerva-common/texlive/2018/texmf-dist/tex/generic/pgf/math/pgfm
athfunctions.integerarithmetics.code.tex)))
(/hpc/packages/minerva-common/texlive/2018/texmf-dist/tex/generic/pgf/math/pgfm
athfloat.code.tex
\c@pgfmathroundto@lastzeros=\count140
)))
(/hpc/packages/minerva-common/texlive/2018/texmf-dist/tex/generic/pgf/utilities
/pgffor.code.tex
Package: pgffor 2013/12/13 v3.0.1a (rcs-revision 1.25)

(/hpc/packages/minerva-common/texlive/2018/texmf-dist/tex/generic/pgf/math/pgfm
ath.code.tex)
\pgffor@iter=\dimen179
\pgffor@skip=\dimen180
\pgffor@stack=\toks41
\pgffor@toks=\toks42
))
Package hyperref Info: Option `breaklinks' set `true' on input line 205.
Package hyperref Info: Option `colorlinks' set `true' on input line 205.
Class revtex4-1 Info: Patching LaTeX tabular. on input line 212.
Class revtex4-1 Info: Robustifying \LaTeX's \boldmath command on input line 212
.
Class revtex4-1 Info: cite was not loaded (OK!) on input line 212.
Class revtex4-1 Info: mcite was not loaded (OK!) on input line 212.
Class revtex4-1 Info: multicol was not loaded (OK!) on input line 212.

No file mkstapylton@gmail.com-mattS-qiime2.aux.
\openout1 = `mkstapylton@gmail.com-mattS-qiime2.aux'.

LaTeX Font Info:    Checking defaults for OML/cmm/m/it on input line 212.
LaTeX Font Info:    ... okay on input line 212.
LaTeX Font Info:    Checking defaults for T1/cmr/m/n on input line 212.
LaTeX Font Info:    ... okay on input line 212.
LaTeX Font Info:    Checking defaults for OT1/cmr/m/n on input line 212.
LaTeX Font Info:    ... okay on input line 212.
LaTeX Font Info:    Checking defaults for OMS/cmsy/m/n on input line 212.
LaTeX Font Info:    ... okay on input line 212.
LaTeX Font Info:    Checking defaults for OMX/cmex/m/n on input line 212.
LaTeX Font Info:    ... okay on input line 212.
LaTeX Font Info:    Checking defaults for U/cmr/m/n on input line 212.
LaTeX Font Info:    ... okay on input line 212.
LaTeX Font Info:    Checking defaults for TS1/cmr/m/n on input line 212.
LaTeX Font Info:    Try loading font information for TS1+cmr on input line 212.

(/hpc/packages/minerva-common/texlive/2018/texmf-dist/tex/latex/base/ts1cmr.fd
File: ts1cmr.fd 2014/09/29 v2.5h Standard LaTeX font definitions
)
LaTeX Font Info:    ... okay on input line 212.
LaTeX Font Info:    Checking defaults for PD1/pdf/m/n on input line 212.
LaTeX Font Info:    ... okay on input line 212.

(/hpc/packages/minerva-common/texlive/2018/texmf-dist/tex/context/base/mkii/sup
p-pdf.mkii
[Loading MPS to PDF converter (version 2006.09.02).]
\scratchcounter=\count141
\scratchdimen=\dimen181
\scratchbox=\box54
\nofMPsegments=\count142
\nofMParguments=\count143
\everyMPshowfont=\toks43
\MPscratchCnt=\count144
\MPscratchDim=\dimen182
\MPnumerator=\count145
\makeMPintoPDFobject=\count146
\everyMPtoPDFconversion=\toks44
)
(/hpc/packages/minerva-common/texlive/2018/texmf-dist/tex/latex/oberdiek/epstop
df-base.sty
Package: epstopdf-base 2016/05/15 v2.6 Base part for package epstopdf

(/hpc/packages/minerva-common/texlive/2018/texmf-dist/tex/latex/oberdiek/grfext
.sty
Package: grfext 2016/05/16 v1.2 Manage graphics extensions (HO)
)
Package epstopdf-base Info: Redefining graphics rule for `.eps' on input line 4
38.
Package grfext Info: Graphics extension search list:
(grfext)             [.pdf,.png,.jpg,.mps,.jpeg,.jbig2,.jb2,.PDF,.PNG,.JPG,.JPE
G,.JBIG2,.JB2,.eps]
(grfext)             \AppendGraphicsExtensions on input line 456.

(/hpc/packages/minerva-common/texlive/2018/texmf-dist/tex/latex/latexconfig/eps
topdf-sys.cfg
File: epstopdf-sys.cfg 2010/07/13 v1.3 Configuration of (r)epstopdf for TeX Liv
e
))
Package caption Info: Begin \AtBeginDocument code.
Package caption Info: hyperref package is loaded.
Package caption Info: End \AtBeginDocument code.

*geometry* driver: auto-detecting
*geometry* detected driver: pdftex
*geometry* verbose mode - [ preamble ] result:
* driver: pdftex
* paper: <default>
* layout: <same size as paper>
* layoutoffset:(h,v)=(0.0pt,0.0pt)
* modes: 
* h-part:(L,W,R)=(72.26999pt, 469.75502pt, 72.26999pt)
* v-part:(T,H,B)=(72.26999pt, 650.43001pt, 72.26999pt)
* \paperwidth=614.295pt
* \paperheight=794.96999pt
* \textwidth=469.75502pt
* \textheight=650.43001pt
* \oddsidemargin=0.0pt
* \evensidemargin=0.0pt
* \topmargin=-41.0pt
* \headheight=25.0pt
* \headsep=16.0pt
* \topskip=10.0pt
* \footskip=30.0pt
* \marginparwidth=30.0pt
* \marginparsep=6.0pt
* \columnsep=18.0pt
* \skip\footins=39.0pt plus 4.0pt minus 12.0pt
* \hoffset=0.0pt
* \voffset=0.0pt
* \mag=1000
* \@twocolumnfalse
* \@twosidefalse
* \@mparswitchfalse
* \@reversemarginfalse
* (1in=72.27pt=25.4mm, 1cm=28.453pt)


(/hpc/packages/minerva-common/texlive/2018/texmf-dist/tex/latex/ucs/ucsencs.def
File: ucsencs.def 2011/01/21 Fixes to fontencodings LGR, T3
)
\AtBeginShipoutBox=\box55
Package hyperref Info: Link coloring ON on input line 212.

(/hpc/packages/minerva-common/texlive/2018/texmf-dist/tex/latex/hyperref/namere
f.sty
Package: nameref 2016/05/21 v2.44 Cross-referencing by name of section

(/hpc/packages/minerva-common/texlive/2018/texmf-dist/tex/generic/oberdiek/gett
itlestring.sty
Package: gettitlestring 2016/05/16 v1.5 Cleanup title references (HO)
)
\c@section@level=\count147
)
LaTeX Info: Redefining \ref on input line 212.
LaTeX Info: Redefining \pageref on input line 212.
LaTeX Info: Redefining \nameref on input line 212.
\@outlinefile=\write5
\openout5 = `mkstapylton@gmail.com-mattS-qiime2.out'.

 ABD: EveryShipout initializing macros
Class revtex4-1 Info: Taking \maketitle back from hyperref on input line 212.
\openout3 = `mkstapylton@gmail.com-mattS-qiime2Notes.bib'.

<mkstapylton@gmail.com-mattS-qiime2_files/mkstapylton@gmail.com-mattS-qiime2_7_
0.png, id=4, 578.16pt x 433.62pt>
File: mkstapylton@gmail.com-mattS-qiime2_files/mkstapylton@gmail.com-mattS-qiim
e2_7_0.png Graphic file (type png)
<use mkstapylton@gmail.com-mattS-qiime2_files/mkstapylton@gmail.com-mattS-qiime
2_7_0.png>
Package pdftex.def Info: mkstapylton@gmail.com-mattS-qiime2_files/mkstapylton@g
mail.com-mattS-qiime2_7_0.png  used on input line 232.
(pdftex.def)             Requested size: 578.15858pt x 433.61894pt.

Underfull \hbox (badness 10000) in paragraph at lines 234--235

 []

[1{/hpc/packages/minerva-common/texlive/2018/texmf-dist/fonts/map/pdftex/updmap
/pdftex.map} <./mkstapylton@gmail.com-mattS-qiime2_files/mkstapylton@gmail.com-
mattS-qiime2_7_0.png (PNG copy)>]
<mkstapylton@gmail.com-mattS-qiime2_files/mkstapylton@gmail.com-mattS-qiime2_18
_0.png, id=20, 578.16pt x 433.62pt>
File: mkstapylton@gmail.com-mattS-qiime2_files/mkstapylton@gmail.com-mattS-qiim
e2_18_0.png Graphic file (type png)
<use mkstapylton@gmail.com-mattS-qiime2_files/mkstapylton@gmail.com-mattS-qiime
2_18_0.png>
Package pdftex.def Info: mkstapylton@gmail.com-mattS-qiime2_files/mkstapylton@g
mail.com-mattS-qiime2_18_0.png  used on input line 265.
(pdftex.def)             Requested size: 578.15858pt x 433.61894pt.

Underfull \hbox (badness 10000) in paragraph at lines 267--268

 []

LaTeX Font Info:    Try loading font information for T1+cmtt on input line 271.

(/hpc/packages/minerva-common/texlive/2018/texmf-dist/tex/latex/base/t1cmtt.fd
File: t1cmtt.fd 2014/09/29 v2.5h Standard LaTeX font definitions
) [2 <./mkstapylton@gmail.com-mattS-qiime2_files/mkstapylton@gmail.com-mattS-qi
ime2_18_0.png (PNG copy)>] [3]
<mkstapylton@gmail.com-mattS-qiime2_files/mkstapylton@gmail.com-mattS-qiime2_25
_0.png, id=36, 578.16pt x 433.62pt>
File: mkstapylton@gmail.com-mattS-qiime2_files/mkstapylton@gmail.com-mattS-qiim
e2_25_0.png Graphic file (type png)
<use mkstapylton@gmail.com-mattS-qiime2_files/mkstapylton@gmail.com-mattS-qiime
2_25_0.png>
Package pdftex.def Info: mkstapylton@gmail.com-mattS-qiime2_files/mkstapylton@g
mail.com-mattS-qiime2_25_0.png  used on input line 286.
(pdftex.def)             Requested size: 578.15858pt x 433.61894pt.

Underfull \hbox (badness 10000) in paragraph at lines 288--289

 []

[4 <./mkstapylton@gmail.com-mattS-qiime2_files/mkstapylton@gmail.com-mattS-qiim
e2_25_0.png (PNG copy)>]
<mkstapylton@gmail.com-mattS-qiime2_files/mkstapylton@gmail.com-mattS-qiime2_34
_0.png, id=41, 578.16pt x 433.62pt>
File: mkstapylton@gmail.com-mattS-qiime2_files/mkstapylton@gmail.com-mattS-qiim
e2_34_0.png Graphic file (type png)
<use mkstapylton@gmail.com-mattS-qiime2_files/mkstapylton@gmail.com-mattS-qiime
2_34_0.png>
Package pdftex.def Info: mkstapylton@gmail.com-mattS-qiime2_files/mkstapylton@g
mail.com-mattS-qiime2_34_0.png  used on input line 310.
(pdftex.def)             Requested size: 578.15858pt x 433.61894pt.

Underfull \hbox (badness 10000) in paragraph at lines 312--313

 []


Overfull \hbox (70.86296pt too wide) in paragraph at lines 321--321
\T1/cmtt/m/n/10 k__Bacteria;p__Proteobacteria;c__Gammaproteobacteria;o__Alterom
onadales;f__Shewanellaceae;g__Shewanella  
 []


Overfull \hbox (76.11168pt too wide) in paragraph at lines 321--321
\T1/cmtt/m/n/10 k__Bacteria;p__Proteobacteria;c__Gammaproteobacteria;o__Oceanos
pirillales;f__Halomonadaceae;g__Halomonas  
 []

[5 <./mkstapylton@gmail.com-mattS-qiime2_files/mkstapylton@gmail.com-mattS-qiim
e2_34_0.png (PNG copy)>]
<mkstapylton@gmail.com-mattS-qiime2_files/mkstapylton@gmail.com-mattS-qiime2_41
_0.png, id=48, 578.16pt x 433.62pt>
File: mkstapylton@gmail.com-mattS-qiime2_files/mkstapylton@gmail.com-mattS-qiim
e2_41_0.png Graphic file (type png)
<use mkstapylton@gmail.com-mattS-qiime2_files/mkstapylton@gmail.com-mattS-qiime
2_41_0.png>
Package pdftex.def Info: mkstapylton@gmail.com-mattS-qiime2_files/mkstapylton@g
mail.com-mattS-qiime2_41_0.png  used on input line 331.
(pdftex.def)             Requested size: 578.15858pt x 433.61894pt.

Underfull \hbox (badness 10000) in paragraph at lines 333--334

 []


Overfull \hbox (13.12706pt too wide) in paragraph at lines 342--342
\T1/cmtt/m/n/10 k__Bacteria;p__Firmicutes;c__Bacilli;o__Lactobacillales;f__Lact
obacillaceae;g__Lactobacillus  
 []


Overfull \hbox (70.86296pt too wide) in paragraph at lines 342--342
\T1/cmtt/m/n/10 k__Bacteria;p__Proteobacteria;c__Gammaproteobacteria;o__Alterom
onadales;f__Shewanellaceae;g__Shewanella  
 []


Overfull \hbox (76.11168pt too wide) in paragraph at lines 342--342
\T1/cmtt/m/n/10 k__Bacteria;p__Proteobacteria;c__Gammaproteobacteria;o__Oceanos
pirillales;f__Halomonadaceae;g__Halomonas  
 []

[6 <./mkstapylton@gmail.com-mattS-qiime2_files/mkstapylton@gmail.com-mattS-qiim
e2_41_0.png (PNG copy)>]
<mkstapylton@gmail.com-mattS-qiime2_files/mkstapylton@gmail.com-mattS-qiime2_52
_0.png, id=53, 433.62pt x 433.62pt>
File: mkstapylton@gmail.com-mattS-qiime2_files/mkstapylton@gmail.com-mattS-qiim
e2_52_0.png Graphic file (type png)
<use mkstapylton@gmail.com-mattS-qiime2_files/mkstapylton@gmail.com-mattS-qiime
2_52_0.png>
Package pdftex.def Info: mkstapylton@gmail.com-mattS-qiime2_files/mkstapylton@g
mail.com-mattS-qiime2_52_0.png  used on input line 375.
(pdftex.def)             Requested size: 433.61894pt x 433.61894pt.

Underfull \hbox (badness 10000) in paragraph at lines 377--378

 []

[7 <./mkstapylton@gmail.com-mattS-qiime2_files/mkstapylton@gmail.com-mattS-qiim
e2_52_0.png (PNG copy)>] [8]
<mkstapylton@gmail.com-mattS-qiime2_files/mkstapylton@gmail.com-mattS-qiime2_58
_0.png, id=69, 433.62pt x 433.62pt>
File: mkstapylton@gmail.com-mattS-qiime2_files/mkstapylton@gmail.com-mattS-qiim
e2_58_0.png Graphic file (type png)
<use mkstapylton@gmail.com-mattS-qiime2_files/mkstapylton@gmail.com-mattS-qiime
2_58_0.png>
Package pdftex.def Info: mkstapylton@gmail.com-mattS-qiime2_files/mkstapylton@g
mail.com-mattS-qiime2_58_0.png  used on input line 411.
(pdftex.def)             Requested size: 433.61894pt x 433.61894pt.

Underfull \hbox (badness 10000) in paragraph at lines 413--414

 []

[9 <./mkstapylton@gmail.com-mattS-qiime2_files/mkstapylton@gmail.com-mattS-qiim
e2_58_0.png (PNG copy)>] [10]
<mkstapylton@gmail.com-mattS-qiime2_files/mkstapylton@gmail.com-mattS-qiime2_64
_0.png, id=80, 433.62pt x 433.62pt>
File: mkstapylton@gmail.com-mattS-qiime2_files/mkstapylton@gmail.com-mattS-qiim
e2_64_0.png Graphic file (type png)
<use mkstapylton@gmail.com-mattS-qiime2_files/mkstapylton@gmail.com-mattS-qiime
2_64_0.png>
Package pdftex.def Info: mkstapylton@gmail.com-mattS-qiime2_files/mkstapylton@g
mail.com-mattS-qiime2_64_0.png  used on input line 446.
(pdftex.def)             Requested size: 433.61894pt x 433.61894pt.

Underfull \hbox (badness 10000) in paragraph at lines 448--449

 []

[11 <./mkstapylton@gmail.com-mattS-qiime2_files/mkstapylton@gmail.com-mattS-qii
me2_64_0.png (PNG copy)>] [12]
<mkstapylton@gmail.com-mattS-qiime2_files/mkstapylton@gmail.com-mattS-qiime2_74
_0.png, id=91, 433.62pt x 433.62pt>
File: mkstapylton@gmail.com-mattS-qiime2_files/mkstapylton@gmail.com-mattS-qiim
e2_74_0.png Graphic file (type png)
<use mkstapylton@gmail.com-mattS-qiime2_files/mkstapylton@gmail.com-mattS-qiime
2_74_0.png>
Package pdftex.def Info: mkstapylton@gmail.com-mattS-qiime2_files/mkstapylton@g
mail.com-mattS-qiime2_74_0.png  used on input line 501.
(pdftex.def)             Requested size: 433.61894pt x 433.61894pt.

Underfull \hbox (badness 10000) in paragraph at lines 503--504

 []

[13 <./mkstapylton@gmail.com-mattS-qiime2_files/mkstapylton@gmail.com-mattS-qii
me2_74_0.png (PNG copy)>]
<mkstapylton@gmail.com-mattS-qiime2_files/mkstapylton@gmail.com-mattS-qiime2_76
_0.png, id=103, 433.62pt x 433.62pt>
File: mkstapylton@gmail.com-mattS-qiime2_files/mkstapylton@gmail.com-mattS-qiim
e2_76_0.png Graphic file (type png)
<use mkstapylton@gmail.com-mattS-qiime2_files/mkstapylton@gmail.com-mattS-qiime
2_76_0.png>
Package pdftex.def Info: mkstapylton@gmail.com-mattS-qiime2_files/mkstapylton@g
mail.com-mattS-qiime2_76_0.png  used on input line 521.
(pdftex.def)             Requested size: 433.61894pt x 433.61894pt.

Underfull \hbox (badness 10000) in paragraph at lines 523--524

 []

<mkstapylton@gmail.com-mattS-qiime2_files/mkstapylton@gmail.com-mattS-qiime2_77
_0.png, id=104, 433.62pt x 433.62pt>
File: mkstapylton@gmail.com-mattS-qiime2_files/mkstapylton@gmail.com-mattS-qiim
e2_77_0.png Graphic file (type png)
<use mkstapylton@gmail.com-mattS-qiime2_files/mkstapylton@gmail.com-mattS-qiime
2_77_0.png>
Package pdftex.def Info: mkstapylton@gmail.com-mattS-qiime2_files/mkstapylton@g
mail.com-mattS-qiime2_77_0.png  used on input line 537.
(pdftex.def)             Requested size: 433.61894pt x 433.61894pt.
[14 <./mkstapylton@gmail.com-mattS-qiime2_files/mkstapylton@gmail.com-mattS-qii
me2_76_0.png (PNG copy)>]
Underfull \hbox (badness 10000) in paragraph at lines 539--540

 []

<mkstapylton@gmail.com-mattS-qiime2_files/mkstapylton@gmail.com-mattS-qiime2_78
_0.png, id=109, 433.62pt x 433.62pt>
File: mkstapylton@gmail.com-mattS-qiime2_files/mkstapylton@gmail.com-mattS-qiim
e2_78_0.png Graphic file (type png)
<use mkstapylton@gmail.com-mattS-qiime2_files/mkstapylton@gmail.com-mattS-qiime
2_78_0.png>
Package pdftex.def Info: mkstapylton@gmail.com-mattS-qiime2_files/mkstapylton@g
mail.com-mattS-qiime2_78_0.png  used on input line 553.
(pdftex.def)             Requested size: 433.61894pt x 433.61894pt.
[15 <./mkstapylton@gmail.com-mattS-qiime2_files/mkstapylton@gmail.com-mattS-qii
me2_77_0.png (PNG copy)>]
Underfull \hbox (badness 10000) in paragraph at lines 555--556

 []

[16 <./mkstapylton@gmail.com-mattS-qiime2_files/mkstapylton@gmail.com-mattS-qii
me2_78_0.png (PNG copy)>]
<mkstapylton@gmail.com-mattS-qiime2_files/mkstapylton@gmail.com-mattS-qiime2_83
_0.png, id=118, 433.62pt x 433.62pt>
File: mkstapylton@gmail.com-mattS-qiime2_files/mkstapylton@gmail.com-mattS-qiim
e2_83_0.png Graphic file (type png)
<use mkstapylton@gmail.com-mattS-qiime2_files/mkstapylton@gmail.com-mattS-qiime
2_83_0.png>
Package pdftex.def Info: mkstapylton@gmail.com-mattS-qiime2_files/mkstapylton@g
mail.com-mattS-qiime2_83_0.png  used on input line 575.
(pdftex.def)             Requested size: 433.61894pt x 433.61894pt.

Underfull \hbox (badness 10000) in paragraph at lines 577--578

 []

<mkstapylton@gmail.com-mattS-qiime2_files/mkstapylton@gmail.com-mattS-qiime2_85
_0.png, id=119, 433.62pt x 433.62pt>
File: mkstapylton@gmail.com-mattS-qiime2_files/mkstapylton@gmail.com-mattS-qiim
e2_85_0.png Graphic file (type png)
<use mkstapylton@gmail.com-mattS-qiime2_files/mkstapylton@gmail.com-mattS-qiime
2_85_0.png>
Package pdftex.def Info: mkstapylton@gmail.com-mattS-qiime2_files/mkstapylton@g
mail.com-mattS-qiime2_85_0.png  used on input line 595.
(pdftex.def)             Requested size: 433.61894pt x 433.61894pt.
[17 <./mkstapylton@gmail.com-mattS-qiime2_files/mkstapylton@gmail.com-mattS-qii
me2_83_0.png (PNG copy)>]
Underfull \hbox (badness 10000) in paragraph at lines 597--598

 []

<mkstapylton@gmail.com-mattS-qiime2_files/mkstapylton@gmail.com-mattS-qiime2_86
_0.png, id=126, 433.62pt x 433.62pt>
File: mkstapylton@gmail.com-mattS-qiime2_files/mkstapylton@gmail.com-mattS-qiim
e2_86_0.png Graphic file (type png)
<use mkstapylton@gmail.com-mattS-qiime2_files/mkstapylton@gmail.com-mattS-qiime
2_86_0.png>
Package pdftex.def Info: mkstapylton@gmail.com-mattS-qiime2_files/mkstapylton@g
mail.com-mattS-qiime2_86_0.png  used on input line 611.
(pdftex.def)             Requested size: 433.61894pt x 433.61894pt.
[18 <./mkstapylton@gmail.com-mattS-qiime2_files/mkstapylton@gmail.com-mattS-qii
me2_85_0.png (PNG copy)>]
Underfull \hbox (badness 10000) in paragraph at lines 613--614

 []

<mkstapylton@gmail.com-mattS-qiime2_files/mkstapylton@gmail.com-mattS-qiime2_87
_0.png, id=131, 433.62pt x 433.62pt>
File: mkstapylton@gmail.com-mattS-qiime2_files/mkstapylton@gmail.com-mattS-qiim
e2_87_0.png Graphic file (type png)
<use mkstapylton@gmail.com-mattS-qiime2_files/mkstapylton@gmail.com-mattS-qiime
2_87_0.png>
Package pdftex.def Info: mkstapylton@gmail.com-mattS-qiime2_files/mkstapylton@g
mail.com-mattS-qiime2_87_0.png  used on input line 627.
(pdftex.def)             Requested size: 433.61894pt x 433.61894pt.
[19 <./mkstapylton@gmail.com-mattS-qiime2_files/mkstapylton@gmail.com-mattS-qii
me2_86_0.png (PNG copy)>]
Underfull \hbox (badness 10000) in paragraph at lines 629--630

 []

[20 <./mkstapylton@gmail.com-mattS-qiime2_files/mkstapylton@gmail.com-mattS-qii
me2_87_0.png (PNG copy)>]
<mkstapylton@gmail.com-mattS-qiime2_files/mkstapylton@gmail.com-mattS-qiime2_92
_0.png, id=141, 433.62pt x 433.62pt>
File: mkstapylton@gmail.com-mattS-qiime2_files/mkstapylton@gmail.com-mattS-qiim
e2_92_0.png Graphic file (type png)
<use mkstapylton@gmail.com-mattS-qiime2_files/mkstapylton@gmail.com-mattS-qiime
2_92_0.png>
Package pdftex.def Info: mkstapylton@gmail.com-mattS-qiime2_files/mkstapylton@g
mail.com-mattS-qiime2_92_0.png  used on input line 649.
(pdftex.def)             Requested size: 433.61894pt x 433.61894pt.

Underfull \hbox (badness 10000) in paragraph at lines 651--652

 []

<mkstapylton@gmail.com-mattS-qiime2_files/mkstapylton@gmail.com-mattS-qiime2_94
_0.png, id=142, 433.62pt x 433.62pt>
File: mkstapylton@gmail.com-mattS-qiime2_files/mkstapylton@gmail.com-mattS-qiim
e2_94_0.png Graphic file (type png)
<use mkstapylton@gmail.com-mattS-qiime2_files/mkstapylton@gmail.com-mattS-qiime
2_94_0.png>
Package pdftex.def Info: mkstapylton@gmail.com-mattS-qiime2_files/mkstapylton@g
mail.com-mattS-qiime2_94_0.png  used on input line 669.
(pdftex.def)             Requested size: 433.61894pt x 433.61894pt.
[21 <./mkstapylton@gmail.com-mattS-qiime2_files/mkstapylton@gmail.com-mattS-qii
me2_92_0.png (PNG copy)>]
Underfull \hbox (badness 10000) in paragraph at lines 671--672

 []

<mkstapylton@gmail.com-mattS-qiime2_files/mkstapylton@gmail.com-mattS-qiime2_95
_0.png, id=149, 433.62pt x 433.62pt>
File: mkstapylton@gmail.com-mattS-qiime2_files/mkstapylton@gmail.com-mattS-qiim
e2_95_0.png Graphic file (type png)
<use mkstapylton@gmail.com-mattS-qiime2_files/mkstapylton@gmail.com-mattS-qiime
2_95_0.png>
Package pdftex.def Info: mkstapylton@gmail.com-mattS-qiime2_files/mkstapylton@g
mail.com-mattS-qiime2_95_0.png  used on input line 685.
(pdftex.def)             Requested size: 433.61894pt x 433.61894pt.
[22 <./mkstapylton@gmail.com-mattS-qiime2_files/mkstapylton@gmail.com-mattS-qii
me2_94_0.png (PNG copy)>]
Underfull \hbox (badness 10000) in paragraph at lines 687--688

 []

<mkstapylton@gmail.com-mattS-qiime2_files/mkstapylton@gmail.com-mattS-qiime2_96
_0.png, id=155, 433.62pt x 433.62pt>
File: mkstapylton@gmail.com-mattS-qiime2_files/mkstapylton@gmail.com-mattS-qiim
e2_96_0.png Graphic file (type png)
<use mkstapylton@gmail.com-mattS-qiime2_files/mkstapylton@gmail.com-mattS-qiime
2_96_0.png>
Package pdftex.def Info: mkstapylton@gmail.com-mattS-qiime2_files/mkstapylton@g
mail.com-mattS-qiime2_96_0.png  used on input line 701.
(pdftex.def)             Requested size: 433.61894pt x 433.61894pt.
[23 <./mkstapylton@gmail.com-mattS-qiime2_files/mkstapylton@gmail.com-mattS-qii
me2_95_0.png (PNG copy)>]
Underfull \hbox (badness 10000) in paragraph at lines 703--704

 []

[24 <./mkstapylton@gmail.com-mattS-qiime2_files/mkstapylton@gmail.com-mattS-qii
me2_96_0.png (PNG copy)>]
<mkstapylton@gmail.com-mattS-qiime2_files/mkstapylton@gmail.com-mattS-qiime2_10
1_0.png, id=164, 433.62pt x 433.62pt>
File: mkstapylton@gmail.com-mattS-qiime2_files/mkstapylton@gmail.com-mattS-qiim
e2_101_0.png Graphic file (type png)
<use mkstapylton@gmail.com-mattS-qiime2_files/mkstapylton@gmail.com-mattS-qiime
2_101_0.png>
Package pdftex.def Info: mkstapylton@gmail.com-mattS-qiime2_files/mkstapylton@g
mail.com-mattS-qiime2_101_0.png  used on input line 723.
(pdftex.def)             Requested size: 433.61894pt x 433.61894pt.

Underfull \hbox (badness 10000) in paragraph at lines 725--726

 []

<mkstapylton@gmail.com-mattS-qiime2_files/mkstapylton@gmail.com-mattS-qiime2_10
3_0.png, id=165, 433.62pt x 433.62pt>
File: mkstapylton@gmail.com-mattS-qiime2_files/mkstapylton@gmail.com-mattS-qiim
e2_103_0.png Graphic file (type png)
<use mkstapylton@gmail.com-mattS-qiime2_files/mkstapylton@gmail.com-mattS-qiime
2_103_0.png>
Package pdftex.def Info: mkstapylton@gmail.com-mattS-qiime2_files/mkstapylton@g
mail.com-mattS-qiime2_103_0.png  used on input line 743.
(pdftex.def)             Requested size: 433.61894pt x 433.61894pt.
[25 <./mkstapylton@gmail.com-mattS-qiime2_files/mkstapylton@gmail.com-mattS-qii
me2_101_0.png (PNG copy)>]
Underfull \hbox (badness 10000) in paragraph at lines 745--746

 []

<mkstapylton@gmail.com-mattS-qiime2_files/mkstapylton@gmail.com-mattS-qiime2_10
4_0.png, id=173, 433.62pt x 433.62pt>
File: mkstapylton@gmail.com-mattS-qiime2_files/mkstapylton@gmail.com-mattS-qiim
e2_104_0.png Graphic file (type png)
<use mkstapylton@gmail.com-mattS-qiime2_files/mkstapylton@gmail.com-mattS-qiime
2_104_0.png>
Package pdftex.def Info: mkstapylton@gmail.com-mattS-qiime2_files/mkstapylton@g
mail.com-mattS-qiime2_104_0.png  used on input line 759.
(pdftex.def)             Requested size: 433.61894pt x 433.61894pt.
[26 <./mkstapylton@gmail.com-mattS-qiime2_files/mkstapylton@gmail.com-mattS-qii
me2_103_0.png (PNG copy)>]
Underfull \hbox (badness 10000) in paragraph at lines 761--762

 []

<mkstapylton@gmail.com-mattS-qiime2_files/mkstapylton@gmail.com-mattS-qiime2_10
5_0.png, id=178, 433.62pt x 433.62pt>
File: mkstapylton@gmail.com-mattS-qiime2_files/mkstapylton@gmail.com-mattS-qiim
e2_105_0.png Graphic file (type png)
<use mkstapylton@gmail.com-mattS-qiime2_files/mkstapylton@gmail.com-mattS-qiime
2_105_0.png>
Package pdftex.def Info: mkstapylton@gmail.com-mattS-qiime2_files/mkstapylton@g
mail.com-mattS-qiime2_105_0.png  used on input line 775.
(pdftex.def)             Requested size: 433.61894pt x 433.61894pt.
[27 <./mkstapylton@gmail.com-mattS-qiime2_files/mkstapylton@gmail.com-mattS-qii
me2_104_0.png (PNG copy)>]
Underfull \hbox (badness 10000) in paragraph at lines 777--778

 []

[28 <./mkstapylton@gmail.com-mattS-qiime2_files/mkstapylton@gmail.com-mattS-qii
me2_105_0.png (PNG copy)>]
<mkstapylton@gmail.com-mattS-qiime2_files/mkstapylton@gmail.com-mattS-qiime2_11
0_0.png, id=187, 433.62pt x 433.62pt>
File: mkstapylton@gmail.com-mattS-qiime2_files/mkstapylton@gmail.com-mattS-qiim
e2_110_0.png Graphic file (type png)
<use mkstapylton@gmail.com-mattS-qiime2_files/mkstapylton@gmail.com-mattS-qiime
2_110_0.png>
Package pdftex.def Info: mkstapylton@gmail.com-mattS-qiime2_files/mkstapylton@g
mail.com-mattS-qiime2_110_0.png  used on input line 797.
(pdftex.def)             Requested size: 433.61894pt x 433.61894pt.

Underfull \hbox (badness 10000) in paragraph at lines 799--800

 []

<mkstapylton@gmail.com-mattS-qiime2_files/mkstapylton@gmail.com-mattS-qiime2_11
2_0.png, id=188, 433.62pt x 433.62pt>
File: mkstapylton@gmail.com-mattS-qiime2_files/mkstapylton@gmail.com-mattS-qiim
e2_112_0.png Graphic file (type png)
<use mkstapylton@gmail.com-mattS-qiime2_files/mkstapylton@gmail.com-mattS-qiime
2_112_0.png>
Package pdftex.def Info: mkstapylton@gmail.com-mattS-qiime2_files/mkstapylton@g
mail.com-mattS-qiime2_112_0.png  used on input line 817.
(pdftex.def)             Requested size: 433.61894pt x 433.61894pt.
[29 <./mkstapylton@gmail.com-mattS-qiime2_files/mkstapylton@gmail.com-mattS-qii
me2_110_0.png (PNG copy)>]
Underfull \hbox (badness 10000) in paragraph at lines 819--820

 []

<mkstapylton@gmail.com-mattS-qiime2_files/mkstapylton@gmail.com-mattS-qiime2_11
3_0.png, id=195, 433.62pt x 433.62pt>
File: mkstapylton@gmail.com-mattS-qiime2_files/mkstapylton@gmail.com-mattS-qiim
e2_113_0.png Graphic file (type png)
<use mkstapylton@gmail.com-mattS-qiime2_files/mkstapylton@gmail.com-mattS-qiime
2_113_0.png>
Package pdftex.def Info: mkstapylton@gmail.com-mattS-qiime2_files/mkstapylton@g
mail.com-mattS-qiime2_113_0.png  used on input line 833.
(pdftex.def)             Requested size: 433.61894pt x 433.61894pt.
[30 <./mkstapylton@gmail.com-mattS-qiime2_files/mkstapylton@gmail.com-mattS-qii
me2_112_0.png (PNG copy)>]
Underfull \hbox (badness 10000) in paragraph at lines 835--836

 []

<mkstapylton@gmail.com-mattS-qiime2_files/mkstapylton@gmail.com-mattS-qiime2_11
4_0.png, id=200, 433.62pt x 433.62pt>
File: mkstapylton@gmail.com-mattS-qiime2_files/mkstapylton@gmail.com-mattS-qiim
e2_114_0.png Graphic file (type png)
<use mkstapylton@gmail.com-mattS-qiime2_files/mkstapylton@gmail.com-mattS-qiime
2_114_0.png>
Package pdftex.def Info: mkstapylton@gmail.com-mattS-qiime2_files/mkstapylton@g
mail.com-mattS-qiime2_114_0.png  used on input line 849.
(pdftex.def)             Requested size: 433.61894pt x 433.61894pt.
[31 <./mkstapylton@gmail.com-mattS-qiime2_files/mkstapylton@gmail.com-mattS-qii
me2_113_0.png (PNG copy)>]
Underfull \hbox (badness 10000) in paragraph at lines 851--852

 []

[32 <./mkstapylton@gmail.com-mattS-qiime2_files/mkstapylton@gmail.com-mattS-qii
me2_114_0.png (PNG copy)>]
<mkstapylton@gmail.com-mattS-qiime2_files/mkstapylton@gmail.com-mattS-qiime2_11
9_0.png, id=210, 433.62pt x 433.62pt>
File: mkstapylton@gmail.com-mattS-qiime2_files/mkstapylton@gmail.com-mattS-qiim
e2_119_0.png Graphic file (type png)
<use mkstapylton@gmail.com-mattS-qiime2_files/mkstapylton@gmail.com-mattS-qiime
2_119_0.png>
Package pdftex.def Info: mkstapylton@gmail.com-mattS-qiime2_files/mkstapylton@g
mail.com-mattS-qiime2_119_0.png  used on input line 871.
(pdftex.def)             Requested size: 433.61894pt x 433.61894pt.

Underfull \hbox (badness 10000) in paragraph at lines 873--874

 []

<mkstapylton@gmail.com-mattS-qiime2_files/mkstapylton@gmail.com-mattS-qiime2_12
1_0.png, id=211, 433.62pt x 433.62pt>
File: mkstapylton@gmail.com-mattS-qiime2_files/mkstapylton@gmail.com-mattS-qiim
e2_121_0.png Graphic file (type png)
<use mkstapylton@gmail.com-mattS-qiime2_files/mkstapylton@gmail.com-mattS-qiime
2_121_0.png>
Package pdftex.def Info: mkstapylton@gmail.com-mattS-qiime2_files/mkstapylton@g
mail.com-mattS-qiime2_121_0.png  used on input line 891.
(pdftex.def)             Requested size: 433.61894pt x 433.61894pt.
[33 <./mkstapylton@gmail.com-mattS-qiime2_files/mkstapylton@gmail.com-mattS-qii
me2_119_0.png (PNG copy)>]
Underfull \hbox (badness 10000) in paragraph at lines 893--894

 []

<mkstapylton@gmail.com-mattS-qiime2_files/mkstapylton@gmail.com-mattS-qiime2_12
2_0.png, id=218, 433.62pt x 433.62pt>
File: mkstapylton@gmail.com-mattS-qiime2_files/mkstapylton@gmail.com-mattS-qiim
e2_122_0.png Graphic file (type png)
<use mkstapylton@gmail.com-mattS-qiime2_files/mkstapylton@gmail.com-mattS-qiime
2_122_0.png>
Package pdftex.def Info: mkstapylton@gmail.com-mattS-qiime2_files/mkstapylton@g
mail.com-mattS-qiime2_122_0.png  used on input line 907.
(pdftex.def)             Requested size: 433.61894pt x 433.61894pt.
[34 <./mkstapylton@gmail.com-mattS-qiime2_files/mkstapylton@gmail.com-mattS-qii
me2_121_0.png (PNG copy)>]
Underfull \hbox (badness 10000) in paragraph at lines 909--910

 []

<mkstapylton@gmail.com-mattS-qiime2_files/mkstapylton@gmail.com-mattS-qiime2_12
3_0.png, id=223, 433.62pt x 433.62pt>
File: mkstapylton@gmail.com-mattS-qiime2_files/mkstapylton@gmail.com-mattS-qiim
e2_123_0.png Graphic file (type png)
<use mkstapylton@gmail.com-mattS-qiime2_files/mkstapylton@gmail.com-mattS-qiime
2_123_0.png>
Package pdftex.def Info: mkstapylton@gmail.com-mattS-qiime2_files/mkstapylton@g
mail.com-mattS-qiime2_123_0.png  used on input line 923.
(pdftex.def)             Requested size: 433.61894pt x 433.61894pt.
[35 <./mkstapylton@gmail.com-mattS-qiime2_files/mkstapylton@gmail.com-mattS-qii
me2_122_0.png (PNG copy)>]
Underfull \hbox (badness 10000) in paragraph at lines 925--926

 []

[36 <./mkstapylton@gmail.com-mattS-qiime2_files/mkstapylton@gmail.com-mattS-qii
me2_123_0.png (PNG copy)>]
No file mkstapylton@gmail.com-mattS-qiime2.bbl.
Package atveryend Info: Empty hook `AfterLastShipout' on input line 946.
(./mkstapylton@gmail.com-mattS-qiime2.aux)
Package atveryend Info: Executing hook `AtVeryEndDocument' on input line 946.
Package atveryend Info: Executing hook `AtEndAfterFileList' on input line 946.


Package rerunfilecheck Warning: File `mkstapylton@gmail.com-mattS-qiime2.out' h
as changed.
(rerunfilecheck)                Rerun to get outlines right
(rerunfilecheck)                or use package `bookmark'.

Package rerunfilecheck Info: Checksums for `mkstapylton@gmail.com-mattS-qiime2.
out':
(rerunfilecheck)             Before: <no file>
(rerunfilecheck)             After:  1DA7669F6DBAFA8D1E8419F09C7014ED;1458.

LaTeX Warning: Label(s) may have changed. Rerun to get cross-references right .


 ) 
Here is how much of TeX's memory you used:
 18086 strings out of 492642
 316234 string characters out of 6120818
 388218 words of memory out of 5000000
 21618 multiletter control sequences out of 15000+600000
 8589 words of font info for 22 fonts, out of 8000000 for 9000
 1141 hyphenation exceptions out of 8191
 40i,6n,40p,771b,395s stack positions out of 5000i,500n,10000p,200000b,80000s
{/hpc/packages/minerva-common/texlive/2018/texmf-dist/fonts/enc/dvips/cm-supe
r/cm-super-t1.enc}</hpc/packages/minerva-common/texlive/2018/texmf-dist/fonts/t
ype1/public/cm-super/sfbx0900.pfb></hpc/packages/minerva-common/texlive/2018/te
xmf-dist/fonts/type1/public/cm-super/sfbx1200.pfb></hpc/packages/minerva-common
/texlive/2018/texmf-dist/fonts/type1/public/cm-super/sfrm0900.pfb></hpc/package
s/minerva-common/texlive/2018/texmf-dist/fonts/type1/public/cm-super/sfrm1000.p
fb></hpc/packages/minerva-common/texlive/2018/texmf-dist/fonts/type1/public/cm-
super/sfti0900.pfb></hpc/packages/minerva-common/texlive/2018/texmf-dist/fonts/
type1/public/cm-super/sftt1000.pfb>
Output written on mkstapylton@gmail.com-mattS-qiime2.pdf (36 pages, 4057725 byt
es).
PDF statistics:
 272 PDF objects out of 1000 (max. 8388607)
 194 compressed objects within 2 object streams
 76 named destinations out of 1000 (max. 500000)
 161 words of extra memory for PDF output out of 10000 (max. 10000000)

